1 85 5
2 1124 116
0 153 6
2 1310 144
1 84 5
2 1494 159
2 1862 203
2 174 14
1 72 4
2 1779 186
0 188 6
0 202 6
0 211 6
2 2045 213
0 196 6
2 531 53
1 103 6
1 72 4
1 68 4
1 69 4
2 194 17
2 2145 195
0 213 6
0 156 6
2 1156 134
1 87 5
2 1718 195
0 148 6
1 87 5
1 87 5
0 178 6
2 704 94
0 154 6
2 1287 143
0 155 6
0 169 6
0 153 6
0 149 6
0 149 6
0 146 6
0 143 6
0 166 6
1 98 4
2 1663 172
1 83 4
0 177 6
2 1600 146
0 265 6
0 294 6
1 172 5
2 893 91
2 561 61
0 152 6
2 1204 134
1 83 5
2 691 73
2 1432 163
1 107 6
2 264 24
0 183 6
1 76 4
2 455 47
1 104 6
1 74 4
1 82 4
0 153 6
2 276 26
2 568 60
1 78 5
0 174 6
0 140 6
2 337 35
1 75 5
0 151 6
1 83 5
2 1701 189
1 77 4
2 132 12
0 153 6
0 147 6
2 1789 187
2 937 99
1 84 5
2 1077 110
1 73 4
0 212 6
1 94 5
2 110 7
0 171 6
2 983 105
1 70 4
2 945 98
1 87 5
2 736 82
1 81 5
1 81 4
2 423 41
2 1579 178
2 1259 142
2 1443 158
0 166 6
0 149 6
1 105 5
1 87 5
2 431 46
1 73 4
2 1132 125
1 97 4
1 97 6
1 70 4
1 90 5
0 159 6
2 117 10
2 133 10
2 2030 153
2 497 30
2 1258 108
2 850 85
2 2149 207
0 186 6
0 153 6
2 286 28
1 74 4
2 738 73
0 167 6
0 153 6
2 1999 218
0 153 6
1 81 4
0 151 6
1 87 5
2 991 90
0 147 6
1 80 4
1 81 5
1 82 5
2 513 56
0 145 6
1 103 5
0 228 8
0 156 6
1 84 4
1 81 5
2 569 64
2 1344 149
0 152 6
2 710 77
2 517 57
2 901 94
2 1262 151
1 92 5
1 70 4
2 178 17
2 552 57
0 196 6
1 86 5
1 89 6
2 577 64
0 139 6
2 1278 143
0 144 6
1 128 5
2 1638 187
0 152 6
0 155 6
0 148 6
2 1471 158
0 218 6
0 193 6
2 1054 115
1 76 4
0 249 8
1 97 5
2 101 8
2 1510 171
1 101 4
0 136 6
2 1453 158
2 188 16
2 487 54
0 135 6
2 1039 108
0 177 6
1 116 4
2 1394 144
2 919 98
0 395 8
0 274 6
2 486 26
0 232 6
0 161 6
1 117 5
1 75 5
2 402 37
1 76 4
1 72 4
0 235 8
1 97 5
0 156 6
0 172 6
1 123 6
1 88 5
2 630 64
0 159 6
0 160 6
0 163 6
0 162 6
1 99 5
1 109 6
1 107 6
1 98 6
1 84 5
0 186 6
0 164 6
1 92 5
2 1494 158
2 1400 158
1 118 6
0 168 6
2 1951 215
2 2095 239
2 577 55
2 615 62
2 82 5
0 202 6
0 198 6
0 163 6
0 158 6
0 148 6
0 148 6
2 1091 114
0 225 6
0 225 6
0 226 6
1 143 5
2 519 35
0 273 6
2 1231 82
2 152 6
2 979 63
1 131 4
0 307 6
2 2495 172
2 1576 102
0 311 6
1 153 6
0 235 6
0 246 6
2 1004 67
1 107 4
0 152 6
0 150 6
2 792 77
0 167 6
0 199 6
2 1205 133
2 226 19
0 158 6
2 737 76
2 1783 196
0 161 6
2 447 46
0 156 6
0 155 6
1 92 5
1 72 4
1 65 4
1 97 6
1 76 5
2 1565 167
1 86 4
0 171 6
2 1881 205
2 668 73
0 163 6
2 245 22
1 70 4
1 62 4
1 77 5
1 67 4
0 166 6
2 1672 177
0 153 6
2 525 55
0 148 6
2 712 77
2 934 94
1 76 4
2 1728 180
2 1269 159
2 183 15
0 185 6
0 157 6
1 99 6
2 1521 160
1 85 5
2 1511 167
0 189 6
0 184 6
2 774 73
1 73 4
2 518 56
2 1527 198
2 1519 148
1 182 5
1 161 6
0 274 6
0 239 6
1 156 6
2 1834 123
2 265 12
0 303 6
0 282 6
2 2412 190
0 182 6
0 145 6
2 139 13
0 139 6
1 113 6
1 72 4
1 76 5
2 1933 213
0 141 6
0 156 6
1 113 6
0 132 6
0 171 6
1 94 4
2 1736 177
0 161 6
0 161 6
2 1273 142
2 280 34
1 78 4
1 78 5
2 1457 158
0 153 6
2 1139 107
0 256 6
1 140 4
0 246 6
0 251 6
1 138 4
0 271 6
0 258 6
0 257 6
1 150 5
0 251 6
1 225 6
2 539 32
0 269 6
1 147 5
2 151 5
1 128 4
2 288 15
0 372 6
2 175 7
1 130 4
0 258 6
1 145 5
2 2276 152
0 285 6
0 245 6
1 144 5
1 121 4
2 1102 71
0 288 6
2 2884 72
0 227 6
0 166 6
0 159 6
0 163 6
0 241 8
1 92 4
0 156 6
2 1585 156
2 446 44
1 102 4
2 273 26
2 1860 201
1 81 4
0 172 6
1 87 4
0 153 6
2 1800 185
2 1336 139
2 968 101
2 532 51
0 248 6
1 109 5
1 69 4
1 70 4
0 146 6
0 155 6
2 739 86
1 86 5
1 71 4
2 221 16
1 173 6
0 169 6
0 155 6
2 1572 186
1 95 4
1 95 6
0 153 6
1 82 4
1 99 6
0 140 6
1 75 4
0 138 6
0 153 6
1 75 4
1 132 4
2 742 75
2 1150 130
1 98 6
0 197 6
2 150 10
2 1021 136
0 148 6
0 149 6
0 152 6
2 482 45
0 161 6
2 1087 122
1 75 4
1 79 5
1 88 6
1 81 5
2 680 76
2 1149 123
0 195 6
2 1594 163
0 198 6
0 174 6
2 990 108
0 149 6
1 93 5
1 73 4
1 79 5
2 1357 149
0 139 6
0 151 6
2 650 69
0 137 6
2 1024 106
2 1444 151
0 172 6
2 1501 166
1 71 4
1 97 6
1 99 5
2 730 80
0 147 6
2 1191 102
2 604 35
2 1774 173
2 1769 194
0 215 6
0 172 6
1 104 4
0 151 6
1 100 5
0 156 6
2 220 18
1 76 4
0 152 6
0 171 6
2 744 93
0 208 6
2 586 73
2 764 73
0 179 6
2 392 40
2 885 93
2 405 43
0 151 6
1 94 5
0 200 6
0 171 6
2 1086 122
2 930 110
0 144 6
0 154 6
1 94 5
0 159 6
2 1484 158
2 1913 170
2 801 49
0 283 6
0 298 6
2 3110 208
2 1914 126
1 128 4
2 2222 149
0 302 6
2 1320 121
1 81 4
1 82 4
0 166 6
2 324 31
0 351 8
1 104 5
0 223 6
1 85 4
2 1555 152
2 302 28
2 177 15
2 856 91
2 1305 165
0 223 6
0 164 6
2 905 92
0 153 6
1 124 6
2 651 64
1 91 6
2 2899 196
2 1354 96
2 308 28
2 453 44
1 126 5
1 107 5
1 106 5
1 74 4
1 80 5
2 1317 136
2 842 103
1 115 6
1 86 5
2 878 92
0 195 6
0 194 6
1 98 5
0 145 6
2 1314 164
2 769 82
1 87 5
0 137 6
2 1927 216
2 866 89
2 238 21
1 82 5
1 69 4
0 263 8
1 100 5
2 536 54
1 95 6
1 68 4
1 75 5
2 1919 208
2 719 75
2 911 96
0 219 6
0 253 6
2 1218 109
0 165 6
0 162 6
2 1705 200
0 174 6
0 169 6
1 107 5
0 157 6
0 270 8
2 523 51
2 719 76
0 202 6
2 1157 114
2 1089 112
0 206 6
0 179 6
1 94 4
2 1282 142
0 185 6
2 2410 248
0 210 6
0 159 6
1 100 5
2 550 55
1 94 5
0 178 6
1 78 4
1 98 5
1 104 6
0 164 6
1 94 4
1 91 5
1 107 6
0 206 6
0 165 6
2 1803 185
1 81 4
1 93 5
0 202 6
1 93 5
2 2238 213
0 233 6
2 906 65
1 137 5
2 1028 88
0 323 6
1 151 4
0 323 6
2 707 46
1 79 4
0 183 6
0 179 6
2 1974 200
1 152 5
2 2113 172
1 78 4
2 1194 146
0 184 6
1 83 4
1 94 5
1 79 5
1 96 6
1 68 4
0 139 6
1 103 5
1 97 6
1 69 4
1 65 4
1 110 5
2 1526 170
1 117 5
0 146 6
1 83 5
2 132 11
2 1169 156
2 1607 191
2 714 80
0 160 6
1 79 5
2 606 62
1 70 4
2 1496 167
0 145 6
1 75 4
1 104 5
1 80 5
0 149 6
0 144 6
2 1485 168
2 361 36
1 70 4
0 232 8
1 123 5
1 118 4
0 419 8
1 169 5
1 150 4
1 134 4
2 2406 172
2 1524 185
0 195 6
1 90 4
1 97 5
2 665 97
1 92 6
0 149 6
2 399 40
2 1004 115
1 82 5
1 100 6
1 86 5
1 82 4
2 980 145
2 937 106
0 166 6
1 116 7
0 158 6
1 87 6
0 236 8
2 1561 169
1 75 4
0 147 6
1 72 5
1 70 5
2 795 88
0 140 6
2 348 43
0 140 6
1 68 4
0 151 6
0 157 6
2 1829 191
1 111 6
0 180 6
0 172 6
2 639 64
2 726 81
1 70 4
2 1427 159
2 598 62
0 199 6
0 157 6
1 81 5
2 1113 159
0 142 6
2 914 109
0 189 6
1 100 5
0 142 6
0 134 6
1 77 4
2 783 83
1 90 4
0 138 6
0 140 6
0 144 6
1 72 4
0 145 6
2 973 110
2 1358 159
0 145 6
2 563 79
2 1293 190
0 152 6
1 105 5
0 159 6
2 1880 204
1 81 4
2 1340 142
2 1636 176
1 80 4
2 1210 171
2 1043 119
2 978 128
0 277 8
0 149 6
1 109 6
2 1909 232
1 88 5
0 144 6
2 1655 177
0 171 6
1 77 4
2 1735 220
1 78 4
1 64 4
2 179 22
0 162 6
1 97 6
1 108 6
1 90 6
2 169 17
0 193 6
2 1328 155
2 1368 147
1 92 5
1 71 4
0 157 6
2 934 101
2 494 53
2 757 85
1 82 5
1 101 6
1 79 5
0 155 6
1 74 4
1 86 5
1 72 5
0 134 6
1 72 4
1 81 5
1 71 4
2 1467 147
1 114 5
0 142 6
2 1096 124
1 79 4
2 95 7
1 98 6
2 515 59
2 1410 156
0 314 10
2 604 70
0 216 8
1 76 4
0 155 6
1 71 4
1 75 4
0 130 6
1 74 5
1 110 6
0 132 6
1 67 4
2 1502 172
2 229 18
0 228 8
0 151 6
1 75 4
1 83 5
1 73 5
0 139 6
2 1261 138
0 168 6
0 165 6
2 1393 183
0 184 6
2 165 13
2 1692 189
1 82 4
2 927 102
1 71 4
0 146 6
2 945 110
2 307 40
1 73 5
1 68 4
2 515 56
1 75 5
1 104 7
1 74 4
2 1901 221
0 188 6
2 1790 206
1 76 4
2 215 17
1 100 4
2 387 42
0 149 6
2 482 49
1 69 4
2 552 58
0 146 6
2 903 131
2 842 98
0 149 6
1 71 4
0 131 6
1 86 6
2 519 51
1 73 4
1 73 4
1 103 5
0 181 6
2 1735 187
1 78 4
0 154 6
2 1295 141
1 96 6
1 77 5
0 142 6
2 1696 202
2 852 75
0 156 6
0 166 6
2 1511 196
2 193 17
0 145 6
2 1559 180
1 71 4
1 73 5
1 88 5
1 68 5
0 156 6
2 750 81
1 72 4
2 321 35
2 1247 146
2 699 79
0 144 6
1 86 4
1 87 4
0 169 6
1 94 5
1 111 6
2 172 15
2 186 17
1 79 5
0 142 6
1 91 4
0 150 6
0 165 6
1 111 6
0 175 6
1 110 5
1 75 5
1 71 4
2 516 53
0 170 6
1 69 4
1 69 4
2 769 90
1 78 5
1 69 4
1 82 4
1 69 4
2 341 35
0 152 6
1 92 5
0 138 6
0 152 6
0 155 6
2 1509 167
2 750 84
0 148 6
1 102 5
2 788 105
0 144 6
1 91 5
1 84 5
0 146 6
2 1641 181
2 961 111
0 180 6
1 107 6
0 221 8
0 157 6
0 230 8
0 147 6
0 143 6
0 143 6
0 145 6
2 1899 212
0 222 8
1 130 4
2 534 76
0 162 6
0 170 6
0 146 6
1 85 4
0 143 6
1 74 4
0 139 6
1 75 4
1 70 4
0 178 6
0 163 6
0 156 6
1 81 4
0 231 8
2 1948 214
0 152 6
2 1735 188
1 106 4
2 1451 188
1 105 6
1 90 6
2 1562 177
1 84 5
1 93 5
1 80 6
2 1509 188
2 1666 217
0 170 6
1 129 7
2 540 59
1 70 4
2 1270 180
1 74 4
2 1090 117
2 126 7
1 65 4
1 111 5
1 82 4
1 66 4
1 87 5
2 744 87
1 74 4
1 71 4
0 190 6
2 1374 143
2 1097 138
1 75 4
1 95 6
1 95 6
0 183 6
0 170 6
0 178 6
0 144 6
2 1376 156
0 138 6
1 80 4
2 713 104
0 135 6
1 107 5
0 160 6
0 181 6
0 148 6
2 1576 178
1 80 5
2 877 112
0 144 6
2 249 23
0 242 8
2 1105 155
0 132 6
2 1022 113
2 1651 187
2 1173 157
1 90 5
1 97 6
2 738 91
0 188 6
1 85 4
1 87 5
1 77 5
1 70 4
1 78 5
1 87 5
1 78 5
2 1898 210
2 278 23
2 1059 131
1 82 5
1 89 5
0 173 6
2 1394 153
0 153 6
1 77 4
1 77 5
2 819 117
1 66 4
0 149 6
2 1811 209
0 143 6
0 175 6
2 483 45
2 483 53
2 1140 131
0 145 6
1 91 5
1 103 6
0 157 6
2 1659 177
2 1161 156
0 141 6
0 163 6
1 92 4
0 148 6
1 86 4
1 84 5
2 504 64
0 153 6
0 159 6
1 89 5
0 145 6
0 169 6
0 178 6
1 91 4
1 86 4
2 1235 137
2 1519 167
1 79 5
1 97 6
2 1069 134
0 159 6
1 81 4
0 138 6
0 232 8
1 111 6
2 292 40
0 139 6
0 162 6
2 838 92
1 112 6
0 139 6
0 148 6
0 149 6
2 1788 228
2 879 99
1 71 4
2 340 37
1 75 5
0 224 8
0 155 6
1 92 5
1 62 4
0 135 6
0 141 6
0 157 6
0 148 6
2 1255 149
1 83 5
2 1475 184
1 82 4
2 569 81
0 158 6
0 177 6
2 1441 187
1 110 5
0 157 6
0 151 6
2 402 46
1 74 4
1 69 4
0 141 6
1 88 5
1 72 4
2 1406 176
1 84 5
0 148 6
0 151 6
0 154 6
2 1115 142
1 75 4
1 80 5
2 1189 153
1 94 6
0 144 6
2 189 15
2 1137 129
2 951 111
0 159 6
0 155 6
0 173 6
0 145 6
0 149 6
0 153 6
0 151 6
2 817 83
2 697 75
0 143 6
1 93 4
1 84 4
0 142 6
0 155 6
2 113 10
0 136 6
1 71 4
1 67 4
1 83 6
0 143 6
2 1023 125
1 80 5
0 167 6
2 642 79
2 602 80
1 81 4
1 68 5
2 1451 193
1 76 4
2 1060 122
1 105 4
2 1024 120
0 167 6
0 237 8
1 118 6
1 104 6
0 212 8
0 154 6
1 112 6
2 309 36
0 162 6
1 71 4
1 84 5
0 135 6
0 156 6
1 106 5
2 488 53
0 184 6
2 1692 194
2 698 79
1 66 4
2 552 79
1 81 5
1 73 5
0 148 6
1 96 6
2 1321 190
1 104 6
2 1314 158
2 1226 164
2 441 43
0 171 6
2 384 39
2 866 119
1 98 6
0 157 6
2 523 56
2 1067 153
0 169 6
1 103 6
1 106 6
2 1002 144
0 151 6
1 80 4
0 143 6
0 150 6
0 155 6
2 521 55
1 81 5
1 69 4
2 211 21
1 74 5
1 72 5
2 1401 154
0 154 6
0 154 6
1 92 5
0 144 6
2 214 26
2 958 109
1 104 5
0 160 6
0 142 6
2 1521 161
2 1205 136
2 94 7
2 134 14
1 88 6
1 69 4
2 1364 197
2 1130 120
2 1565 187
2 1064 150
0 202 6
1 75 4
2 812 102
0 141 6
2 1794 212
0 177 6
2 334 32
0 143 6
2 1756 207
0 152 6
1 85 4
2 833 92
2 1692 203
2 303 40
1 84 4
0 175 6
2 1478 169
1 77 4
1 74 5
2 1406 155
0 157 6
0 148 6
1 86 4
2 84 5
1 72 5
2 1133 122
2 1411 154
1 144 4
0 202 6
2 517 60
1 69 4
2 130 10
0 141 6
0 144 6
1 78 4
0 144 6
0 151 6
2 1455 161
2 382 49
1 70 4
0 143 6
1 139 6
1 95 5
2 982 110
2 902 99
2 512 61
0 145 6
2 640 69
2 1309 166
0 172 6
0 142 6
2 1252 131
2 182 20
2 511 72
2 1664 200
0 149 6
1 72 4
1 87 5
0 139 6
0 143 6
2 337 44
0 163 6
0 244 8
0 163 6
1 96 6
0 148 6
1 76 4
2 302 28
1 80 5
0 151 6
1 77 4
0 265 8
0 180 6
2 1262 133
1 78 4
1 84 5
2 665 80
0 162 6
0 160 6
0 154 6
0 151 6
1 78 4
0 155 6
2 1765 172
0 192 6
0 174 6
2 362 33
0 154 6
0 165 6
0 152 6
0 165 6
2 313 21
2 550 32
1 86 5
1 79 5
0 173 6
0 184 6
0 176 6
1 172 5
1 140 4
1 119 4
1 85 5
2 376 46
0 151 6
0 144 6
2 1324 177
0 143 6
1 99 6
2 304 40
2 1035 133
2 1284 144
1 100 5
2 820 86
0 180 6
1 80 4
0 170 6
1 73 4
2 1864 217
2 475 49
2 1373 159
0 163 6
0 160 6
0 200 6
0 155 6
1 86 5
1 83 5
0 138 6
1 74 5
0 141 6
1 97 6
1 75 5
2 1244 187
1 85 5
0 139 6
0 160 6
1 95 5
1 100 5
1 68 5
1 72 5
1 91 6
0 138 6
0 137 6
0 149 6
2 756 74
2 565 61
2 822 95
2 465 51
1 74 5
2 1880 223
1 97 6
2 1464 177
0 209 6
2 1628 183
2 836 92
2 657 92
1 76 4
0 162 6
1 69 4
1 102 6
2 1324 194
0 222 6
1 122 5
2 1668 196
0 172 6
2 1599 209
2 1341 157
2 914 119
2 1294 151
1 77 5
1 81 4
1 76 4
1 63 4
0 191 6
0 170 6
0 148 6
0 155 6
2 270 26
1 74 5
2 977 140
0 165 6
0 157 6
2 391 40
1 69 4
0 135 6
2 1744 204
0 166 6
1 99 4
1 70 4
1 96 5
1 96 5
0 156 6
2 1585 175
1 87 5
1 76 5
0 151 6
1 87 5
2 1137 125
1 74 4
1 75 5
1 80 5
2 1453 189
2 168 14
0 152 6
1 83 4
1 71 5
0 138 6
0 148 6
2 1313 143
1 104 5
2 1547 229
0 145 6
1 91 5
2 1123 157
1 93 5
1 70 5
2 1342 152
0 151 6
0 147 6
2 1494 178
2 498 59
1 83 5
1 71 4
2 1739 228
2 159 15
2 480 68
0 196 6
1 81 4
2 218 18
0 145 6
1 89 5
2 293 35
0 154 6
1 92 5
2 1048 119
0 141 6
2 246 27
2 670 73
0 142 6
0 167 6
2 1334 192
0 139 6
1 85 4
1 68 4
2 1236 151
1 72 4
2 709 103
0 154 6
1 95 5
1 73 4
1 67 4
2 843 109
0 203 6
0 146 6
1 101 5
0 136 6
2 1050 115
2 1314 149
2 980 107
2 990 110
0 154 6
1 106 5
2 1252 137
0 175 6
2 258 24
1 93 5
0 134 6
2 766 102
2 1100 151
1 101 6
0 146 6
1 116 6
0 147 6
2 301 31
1 74 4
0 155 6
1 104 4
2 701 76
1 98 6
2 1344 156
1 106 5
1 67 4
0 317 10
2 1237 137
1 86 5
2 1153 140
1 83 5
0 138 6
1 78 5
0 138 6
2 177 20
0 140 6
2 1392 190
2 1162 128
0 188 6
2 268 30
1 88 6
2 1037 118
2 1688 186
2 769 75
2 511 71
1 78 5
2 1064 144
2 1244 140
2 772 103
0 197 6
0 172 6
1 84 4
2 524 71
1 81 5
0 152 6
1 92 5
0 155 6
2 1755 190
1 81 4
1 73 5
0 160 6
1 120 6
1 94 5
1 74 4
1 75 5
0 332 10
0 162 6
2 365 36
2 656 88
2 456 56
0 159 6
1 88 4
2 2003 212
1 90 5
1 77 5
2 349 33
2 127 11
1 73 4
1 85 6
2 286 26
1 79 4
1 80 5
1 77 5
1 78 4
2 284 35
1 77 5
0 179 6
0 164 6
2 2043 229
0 289 6
1 98 5
2 592 85
1 73 4
0 143 6
0 143 6
2 1352 143
1 108 5
1 66 4
0 144 6
2 543117 149
1 204 4
0 416 6
2 1940 80
2 2754 156
1 239 5
2 1674 99
2 1493 178
0 159 6
1 76 4
1 77 4
2 1736 193
0 165 6
0 138 6
0 165 6
2 915 89
0 151 6
2 295 30
2 1569 175
0 146 6
1 94 5
1 71 4
1 96 6
0 134 6
0 134 6
0 166 6
2 1023 113
0 133 6
0 249 8
1 99 5
2 1350 155
1 89 5
0 145 6
0 144 6
2 1439 154
2 1455 213
2 655 67
0 151 6
0 143 6
0 137 6
2 1729 200
1 80 4
1 74 5
2 1228 135
2 326 43
2 162 19
0 140 6
1 78 4
2 1255 144
2 545 60
0 131 6
1 72 4
2 1090 136
0 141 6
0 137 6
1 82 5
1 85 6
1 97 6
2 1758 211
0 170 6
0 127 6
0 131 6
2 1501 188
2 449 41
0 171 6
0 155 6
1 79 5
1 69 4
0 138 6
2 71 4
1 67 4
0 137 6
2 1389 150
0 141 6
1 84 4
2 574 62
1 72 4
2 1478 164
0 145 6
2 75 4
1 81 5
0 140 6
0 135 6
1 73 4
2 894 132
2 1815 204
1 95 4
0 146 6
0 123 6
0 142 6
0 316 10
1 79 5
1 120 4
2 458 57
0 163 6
1 85 4
1 69 5
0 131 6
2 361 37
2 73 5
0 147 6
0 133 6
2 1608 182
2 832 92
1 91 5
0 142 6
2 2044 211
2 522 65
2 945 113
1 75 4
1 71 5
1 78 5
2 115 12
2 1385 197
0 190 6
0 211 8
0 157 6
2 493 51
1 73 5
2 296 30
1 76 4
2 1021 128
1 76 4
2 1660 222
0 148 6
1 83 5
0 207 8
1 103 6
1 89 6
0 130 6
1 93 6
1 72 4
1 97 7
2 2001 226
1 113 6
2 670 93
2 319 42
2 501 54
2 203 19
2 142 16
1 97 7
1 100 6
2 376 51
1 97 5
1 98 6
0 159 6
0 133 6
0 142 6
0 132 6
2 671 63
2 1104 142
1 82 5
2 1724 188
1 110 7
2 1255 138
2 197 19
0 178 6
1 78 5
0 133 6
1 73 4
2 791 86
0 132 6
1 78 4
0 133 6
1 87 6
1 73 4
1 71 5
0 145 6
0 133 6
0 131 6
1 84 5
2 398 44
1 87 5
0 138 6
1 142 4
2 345 34
0 155 6
1 84 5
2 1305 174
1 104 6
0 144 6
1 73 4
0 132 6
1 75 5
0 142 6
0 131 6
0 135 6
2 1020 113
1 74 4
1 65 4
1 70 5
2 1108 134
1 78 5
2 121 11
1 67 4
1 139 5
0 146 6
0 137 6
2 1834 206
1 106 6
2 977 130
1 95 5
0 185 6
0 141 6
1 85 5
2 657 97
0 150 6
2 490 50
2 1020 139
2 204 22
0 142 6
2 1719 203
1 71 4
2 946 103
0 172 6
1 120 6
0 141 6
2 559 64
0 132 6
0 125 6
0 129 6
1 83 5
0 200 6
0 136 6
0 142 6
1 94 6
0 160 6
1 128 5
1 98 5
2 1338 176
1 87 5
2 1653 223
0 174 6
2 920 118
2 1562 182
0 163 6
2 976 97
2 977 114
2 913 122
1 70 4
1 96 5
1 110 5
0 161 6
2 1328 167
2 692 95
0 143 6
0 148 6
1 85 5
2 1131 119
1 106 5
2 150 13
0 150 6
0 156 6
2 909 101
0 147 6
0 138 6
1 94 6
1 81 4
2 294 35
2 1317 196
2 773 95
0 146 6
2 1031 146
1 117 5
2 1093 102
2 155 15
1 107 6
0 254 8
0 284 8
0 171 6
0 154 6
2 775 103
0 156 6
2 1593 161
1 96 5
1 77 4
2 1328 175
0 221 6
1 98 5
0 190 6
2 2072 201
1 81 4
0 172 6
0 186 6
0 170 6
0 151 6
1 78 5
1 81 5
2 1325 157
2 1034 117
0 171 6
1 123 4
2 671 74
1 85 5
1 66 4
1 68 4
1 97 6
0 155 6
0 155 6
2 1169 167
1 111 4
2 791 87
0 147 6
1 89 5
1 101 5
2 1182 138
1 89 4
2 959 123
1 72 4
1 73 5
2 483 57
0 170 6
0 166 6
0 154 6
2 575 76
1 111 6
0 143 6
2 1972 215
0 152 6
1 78 4
2 128 10
2 1068 130
0 141 6
0 149 6
1 81 5
1 120 5
2 512 68
2 935 107
0 147 6
0 155 6
0 143 6
1 72 4
1 104 6
2 290 35
0 136 6
1 69 4
1 79 5
1 75 4
0 134 6
2 1081 137
1 77 4
1 73 5
1 68 4
0 145 6
2 847 95
1 71 4
0 142 6
0 152 6
0 158 6
1 70 4
2 1040 157
1 83 5
2 1291 174
0 217 8
0 151 6
0 142 6
2 547 72
2 1301 166
0 171 6
2 339 40
0 182 6
2 430 38
0 144 6
2 477 49
0 145 6
0 153 6
2 1115 122
2 1064 151
0 261 8
0 208 6
2 771 106
1 101 6
0 149 6
0 160 6
0 174 6
1 71 4
1 81 4
1 67 4
1 82 5
1 72 4
2 290 30
0 134 6
1 100 6
2 149 13
0 142 6
2 1451 195
2 936 136
2 797 81
2 700 91
2 487 53
1 90 6
0 185 6
2 698 76
2 1269 151
1 89 6
0 142 6
0 155 6
1 68 4
2 221 20
2 998 120
1 128 6
2 354 46
2 1620 200
2 1203 166
0 180 6
2 1171 153
0 171 6
2 1569 178
1 98 6
1 89 6
2 397 43
1 68 4
0 138 6
1 76 4
0 150 6
0 195 6
0 155 6
2 1397 197
0 168 6
2 777 96
2 1010 151
0 171 6
2 319 29
1 82 5
0 145 6
2 148 14
0 144 6
0 148 6
1 70 4
0 145 6
0 150 6
0 149 6
1 86 5
0 136 6
2 1358 147
0 174 6
0 151 6
1 75 4
1 71 4
0 140 6
2 1282 128
2 414 48
1 64 4
2 762 85
0 165 6
0 158 6
2 1092 130
1 78 5
0 323 10
2 1461 161
2 940 128
0 149 6
2 1752 219
1 77 4
0 160 6
2 289 26
0 160 6
1 80 5
1 82 4
2 556 61
1 77 5
2 306 42
0 139 6
2 570 79
2 1528 201
0 142 6
2 1424 205
0 138 6
1 90 5
2 1212 173
1 83 5
1 112 4
0 153 6
0 164 6
0 156 6
2 1278 153
0 145 6
0 142 6
2 973 114
0 166 6
1 85 5
0 153 6
2 1516 201
2 516 67
1 71 5
1 66 4
2 1355 147
1 82 5
0 156 6
1 88 6
0 146 6
0 141 6
2 190 19
1 76 5
0 143 6
1 85 6
0 141 6
1 70 4
0 144 6
1 81 5
1 97 6
0 134 6
1 67 4
0 141 6
2 426 59
1 75 5
1 96 6
2 1241 165
1 77 4
0 166 6
0 137 6
1 75 4
1 76 4
0 139 6
1 67 4
2 1641 198
2 1539 188
2 1076 152
1 90 5
0 182 6
2 1339 141
1 102 6
1 76 5
1 74 4
0 161 6
2 1585 175
1 83 5
2 1140 150
2 728 85
1 91 6
1 69 4
0 214 6
2 1423 200
2 152 11
0 141 6
0 146 6
2 326 34
1 70 4
1 94 6
1 69 4
0 146 6
1 82 5
1 109 6
2 827 88
2 1685 217
0 197 6
2 370 39
0 143 6
2 1631 174
0 195 6
2 1316 153
1 73 4
1 64 4
2 863 103
1 85 5
0 169 6
1 80 4
2 2065 229
0 189 6
2 1315 155
2 582 84
1 81 5
1 95 4
1 93 5
2 594 66
1 68 4
1 66 4
0 146 6
0 145 6
2 1167 171
2 875 115
1 71 4
2 1055 124
2 1263 188
1 85 5
0 154 6
1 74 4
0 144 6
1 95 6
0 150 6
1 69 4
2 1905 209
2 543 72
0 154 6
0 153 6
0 150 6
2 1078 116
2 439 43
0 170 6
2 1400 160
2 1398 188
0 185 6
2 421 42
2 947 108
0 137 6
1 102 6
0 140 6
0 144 6
1 83 5
2 591 74
1 138 7
0 138 6
1 87 5
1 111 8
2 771 90
1 82 4
2 1815 201
0 146 6
0 149 6
0 154 6
0 154 6
2 1043 144
0 141 6
2 586 64
1 80 5
0 143 6
2 911 114
0 147 6
0 149 6
1 74 4
2 1027 151
1 100 6
1 83 4
2 1240 141
2 256 27
0 183 6
2 322 37
2 641 81
0 268 6
0 161 6
2 269 18
0 203 6
1 81 5
2 1249 140
0 160 6
1 103 6
1 114 4
2 1592 195
1 90 6
1 93 6
0 137 6
1 93 7
0 148 6
2 1294 183
0 137 6
0 277 8
1 80 4
2 871 120
0 143 6
1 78 4
0 198 6
1 76 4
1 100 5
0 140 6
2 525 55
0 148 6
0 232 8
0 162 6
1 118 6
2 681 71
1 95 4
2 1826 219
2 226 26
1 65 4
0 140 6
2 1010 141
2 1079 128
0 174 6
1 78 4
1 85 4
1 74 5
0 152 6
1 90 5
1 82 4
1 82 4
2 1016 117
1 126 5
2 471 53
0 175 6
2 367 40
0 185 6
0 149 6
0 175 6
1 115 6
2 624 85
2 472 66
2 1554 212
0 175 6
0 140 6
0 161 6
2 933 101
1 72 4
2 937 139
2 239 24
0 149 6
2 511 70
0 207 8
1 72 4
0 229 8
0 164 6
2 134 11
2 1375 190
1 80 5
2 1231 152
1 95 6
2 951 122
0 198 6
2 443 60
2 929 68
1 161 5
1 162 5
2 1175 104
0 202 6
1 101 6
0 148 6
1 71 4
0 153 6
1 96 4
1 100 4
1 67 4
0 135 6
0 147 6
2 1328 176
0 152 6
2 340 40
0 140 6
2 726 86
0 141 6
0 152 6
2 947 121
0 136 6
2 1956 204
0 160 6
2 1255 162
2 1176 124
1 127 4
1 104 5
1 76 6
2 941 139
2 1342 150
1 81 5
1 75 5
2 1054 137
1 81 4
1 91 5
1 67 4
0 196 6
0 166 6
0 240 8
1 90 5
2 1215 135
1 125 6
0 175 6
1 89 4
0 153 6
0 141 6
2 1019 150
2 491 70
1 77 5
1 91 5
2 584 63
0 138 6
1 87 4
1 95 5
2 1263 163
0 141 6
2 1573 187
2 945 107
1 83 5
0 168 6
0 164 6
0 144 6
1 93 6
2 588 84
2 1702 216
2 434 47
0 153 6
0 148 6
1 73 5
2 786 97
1 80 4
1 90 5
0 174 6
1 76 4
0 153 6
0 144 6
0 145 6
1 68 4
2 309 35
0 138 6
2 1319 166
0 181 6
1 81 4
0 175 6
2 438 51
0 162 6
1 80 4
0 168 6
2 1582 169
2 1234 109
0 204 6
1 90 5
2 92 5
0 167 6
0 158 6
0 164 6
0 180 6
2 1636 198
2 1019 127
1 139 5
2 1697 210
0 174 6
1 84 5
0 160 6
0 155 6
1 69 4
1 75 4
0 144 6
2 1736 203
1 76 4
1 75 5
2 1227 163
1 69 4
1 85 5
0 160 6
0 145 6
2 91 6
2 149 11
1 78 4
2 388 39
2 415 40
1 72 4
0 182 6
2 618 81
0 154 6
1 78 4
1 93 6
0 132 6
2 1527 175
2 1156 126
0 183 6
2 304 28
2 1249 176
2 1148 122
0 185 6
2 544 65
1 117 7
2 239 22
2 385 38
0 158 6
2 1294 171
2 563 60
0 152 6
2 1336 147
1 82 4
0 149 6
2 924 126
2 1758 222
1 87 4
2 1740 204
1 85 5
1 80 6
0 285 8
0 145 6
0 140 6
1 66 4
2 398 46
2 1036 141
1 103 5
1 88 6
1 123 5
0 214 6
1 74 4
0 139 6
2 1053 155
0 137 6
1 88 4
1 82 5
2 833 89
2 1404 178
1 115 5
1 73 4
1 66 4
2 674 94
0 149 6
2 563 60
2 335 44
0 142 6
1 85 6
2 671 88
2 1399 167
1 88 5
0 140 6
2 643 93
2 1415 175
1 96 5
1 68 4
1 99 4
2 748 73
1 72 4
1 81 5
1 82 5
2 284 34
0 188 6
2 1192 167
0 169 6
0 151 6
1 83 4
0 146 6
2 1458 187
2 794 82
0 151 6
2 1195 135
1 69 4
2 259 29
2 582 59
0 153 6
0 142 6
2 1185 156
0 142 6
1 91 5
1 75 5
2 882 126
0 146 6
2 824 76
2 960 121
1 99 4
1 79 5
1 80 5
1 93 6
2 798 115
1 80 5
0 145 6
1 88 5
1 70 5
1 66 4
2 1630 207
1 126 7
1 107 5
1 96 6
2 805 110
1 90 5
2 1028 145
1 94 5
0 164 6
2 1303 153
2 1403 199
0 151 6
1 86 4
1 91 6
1 75 5
0 141 6
2 408 41
1 94 5
1 102 5
1 79 6
0 139 6
2 1080 149
2 1328 151
0 152 6
1 85 4
0 143 6
0 150 6
2 290 29
2 1628 212
0 139 6
0 138 6
2 989 143
2 1033 128
1 93 6
0 148 6
0 149 6
1 124 5
0 154 6
2 1034 152
2 1584 180
2 460 58
2 999 103
0 172 6
0 232 8
0 157 6
2 1733 197
0 146 6
2 669 72
0 183 6
2 738 104
1 95 6
1 81 6
0 136 6
1 93 5
2 332 44
0 138 6
0 154 6
0 152 6
2 110 9
1 64 4
0 137 6
0 148 6
1 83 5
1 73 5
1 68 4
0 144 6
1 87 5
0 137 6
1 85 5
1 76 5
2 803 97
2 1385 193
1 111 5
2 1412 193
1 89 6
1 147 6
2 1486 194
0 176 6
1 98 5
1 104 6
2 195 24
1 67 4
0 151 6
1 124 4
1 74 4
2 312 37
0 165 6
0 163 6
0 155 6
1 90 5
0 152 6
1 81 4
0 173 6
2 1416 202
0 144 6
0 153 6
2 1681 194
2 294 30
0 145 6
1 68 4
0 180 6
1 81 5
1 98 4
1 72 5
0 137 6
2 125 9
1 100 6
1 77 5
2 530 76
0 136 6
0 156 6
0 145 6
0 139 6
1 78 4
2 1483 169
0 150 6
2 947 129
1 76 4
1 76 5
1 96 6
2 271 36
1 63 4
0 139 6
1 90 5
2 1368 187
2 78 4
0 141 6
1 70 4
0 135 6
0 140 6
1 75 4
0 274 8
0 155 6
1 88 5
0 139 6
0 141 6
0 155 6
1 77 4
1 87 6
2 1565 202
0 213 6
0 165 6
2 1689 205
0 167 6
1 101 5
2 920 111
2 704 97
2 82 6
1 63 4
2 249 25
2 1402 206
0 148 6
1 82 4
0 140 6
0 152 6
2 383 46
1 97 6
0 141 6
1 91 6
0 146 6
2 1607 189
1 78 5
1 66 4
1 65 4
2 1407 164
2 953 134
2 1437 187
1 73 4
1 79 5
2 1059 126
0 304 6
2 1068 87
1 155 5
0 303 6
0 284 6
2 2948 207
1 128 6
0 233 6
2 1422 139
1 100 5
1 80 5
0 187 6
0 164 6
1 86 5
2 357 48
2 172 15
2 641 72
2 621 88
2 732 96
2 1023 151
1 76 4
1 67 4
0 146 6
2 891 133
0 140 6
2 940 119
0 162 6
2 293 37
1 70 4
0 141 6
1 70 4
2 1140 114
0 178 6
2 644 86
0 165 6
2 1629 203
2 1290 148
2 900 123
0 201 6
2 843 83
0 148 6
0 164 6
2 935 111
2 1219 149
1 79 4
2 319 30
0 183 6
0 170 6
0 168 6
0 160 6
2 318 36
1 79 5
2 839 110
1 82 5
0 144 6
1 89 4
1 75 4
0 142 6
2 1377 159
0 166 6
1 89 5
1 78 5
1 93 4
0 162 6
0 224 8
2 687 84
0 165 6
0 145 6
2 703 84
0 141 6
2 798 80
2 278 29
1 84 6
0 134 6
1 110 6
1 72 4
2 2071 220
1 86 5
1 99 5
1 68 4
1 79 5
1 94 6
0 168 6
2 655 78
0 153 6
0 149 6
1 106 6
2 960 133
0 143 6
1 76 4
0 135 6
1 72 4
0 149 6
2 315 38
1 81 4
1 89 6
1 70 4
0 137 6
2 1324 196
1 85 5
0 189 6
0 154 6
2 1490 204
1 77 5
0 139 6
2 165 16
0 142 6
2 538 64
0 131 6
0 153 6
1 83 5
0 174 6
0 145 6
2 768 97
1 73 4
1 71 4
1 89 5
0 160 6
2 230 27
2 285 36
2 949 120
2 1048 141
2 1335 159
0 188 6
2 673 68
2 1710 218
2 119 7
0 196 6
0 159 6
2 912 101
2 1271 189
2 179 16
1 72 5
1 68 4
2 1683 189
1 72 4
0 154 6
1 89 5
1 100 6
2 725 81
0 143 6
2 1459 210
2 1201 166
0 182 6
1 92 5
1 65 4
1 69 4
0 214 8
1 84 5
2 911 121
2 1335 187
0 148 6
0 151 6
2 302 36
2 422 52
1 93 5
1 77 5
0 142 6
1 74 5
1 65 4
0 140 6
2 524 52
1 72 4
1 79 5
1 75 4
2 702 78
1 90 4
2 1174 161
2 1167 165
1 102 4
0 175 6
1 104 6
0 143 6
0 146 6
2 148 15
0 137 6
2 494 55
1 72 4
1 79 5
2 1387 182
1 85 5
2 1350 196
0 145 6
2 1371 197
1 84 5
2 1102 163
2 1011 121
0 176 6
1 114 5
1 65 4
1 77 5
1 78 5
1 93 6
0 145 6
0 278 8
2 617 79
0 171 6
0 161 6
1 93 5
1 77 5
2 1067 160
0 140 6
2 862 96
2 1099 142
0 171 6
2 1715 238
1 88 5
2 572 84
0 144 6
1 85 5
1 101 6
0 137 6
2 525 53
0 141 6
1 104 6
0 135 6
2 348 43
0 145 6
0 150 6
1 90 5
1 67 4
2 109 9
2 934 126
2 328 42
1 100 4
2 1118 160
1 81 6
2 317 32
0 146 6
0 159 6
2 477 64
1 80 5
0 178 6
1 77 4
1 69 4
2 1211 175
1 74 4
1 69 5
2 682 92
2 919 104
0 160 6
0 142 6
1 90 5
0 141 6
1 90 5
0 137 6
2 543 75
0 135 6
1 81 4
2 323 34
1 88 5
2 963 121
1 88 5
0 157 6
2 1476 213
2 1246 156
0 154 6
0 194 6
2 550 69
1 73 4
2 1494 172
0 147 6
0 157 6
2 978 106
2 172 19
2 302 25
1 67 4
0 143 6
0 144 6
1 98 5
0 139 6
0 145 6
1 78 4
2 1468 183
0 138 6
1 100 5
2 1169 156
0 148 6
1 77 4
1 89 5
2 1545 192
2 1525 205
2 423 51
1 71 4
1 73 4
1 70 4
1 74 4
0 176 6
0 170 6
1 86 4
2 1380 165
0 159 6
0 155 6
0 140 6
0 154 6
2 1159 119
0 146 6
2 1021 149
2 727 91
1 73 4
1 78 5
1 82 5
2 210 21
2 1570 200
1 78 4
1 79 5
1 69 4
1 76 5
0 150 6
1 80 4
2 730 82
1 78 5
0 171 6
1 105 6
1 111 6
2 1206 139
0 139 6
0 177 6
0 166 6
0 152 6
0 155 6
2 401 53
1 72 4
1 94 6
1 67 4
0 215 8
0 164 6
0 144 6
2 339 44
0 133 6
2 938 134
